2025-09-27 16:14:18,672 - root - INFO - 程式開始執行...
2025-09-27 16:14:19,454 - root - INFO - QApplication 建立成功
2025-09-27 16:14:21,534 - root - INFO - 資料庫連線建立成功
2025-09-27 16:14:23,005 - root - INFO - MainWindow 建立成功
2025-09-27 16:14:23,005 - root - INFO - 開始執行應用程式主循環...
2025-09-27 16:16:21,925 - root - INFO - 程式開始執行...
2025-09-27 16:16:22,249 - root - INFO - QApplication 建立成功
2025-09-27 16:16:22,601 - root - INFO - 資料庫連線建立成功
2025-09-27 16:16:23,212 - root - INFO - MainWindow 建立成功
2025-09-27 16:16:23,212 - root - INFO - 開始執行應用程式主循環...
2025-09-27 16:16:49,362 - root - INFO - 程式開始執行...
2025-09-27 16:16:50,411 - root - INFO - QApplication 建立成功
2025-09-27 16:16:50,745 - root - INFO - 資料庫連線建立成功
2025-09-27 16:16:51,269 - root - INFO - MainWindow 建立成功
2025-09-27 16:16:51,269 - root - INFO - 開始執行應用程式主循環...
2025-09-27 16:17:24,643 - root - INFO - 資料庫連線已關閉
2025-09-29 11:21:08,407 - root - INFO - 程式開始執行...
2025-09-29 11:21:09,199 - root - INFO - QApplication 建立成功
2025-09-29 11:21:11,134 - root - INFO - 資料庫連線建立成功
2025-09-29 11:21:12,650 - root - INFO - MainWindow 建立成功
2025-09-29 11:21:12,651 - root - INFO - 開始執行應用程式主循環...
2025-09-29 11:24:04,324 - root - INFO - 程式開始執行...
2025-09-29 11:24:04,646 - root - INFO - QApplication 建立成功
2025-09-29 11:24:04,979 - root - INFO - 資料庫連線建立成功
2025-09-29 11:24:05,567 - root - INFO - MainWindow 建立成功
2025-09-29 11:24:05,567 - root - INFO - 開始執行應用程式主循環...
2025-09-29 11:25:38,779 - root - INFO - 程式開始執行...
2025-09-29 11:25:39,097 - root - INFO - QApplication 建立成功
2025-09-29 11:25:39,451 - root - INFO - 資料庫連線建立成功
2025-09-29 11:25:40,086 - root - INFO - MainWindow 建立成功
2025-09-29 11:25:40,086 - root - INFO - 開始執行應用程式主循環...
2025-09-29 11:26:41,929 - root - INFO - 新增 OCR 記錄成功: 41
2025-09-29 11:26:44,774 - root - INFO - 資料庫連線已關閉
2025-09-29 11:51:14,739 - root - INFO - 程式開始執行...
2025-09-29 11:51:15,065 - root - INFO - QApplication 建立成功
2025-09-29 11:51:15,405 - root - INFO - 資料庫連線建立成功
2025-09-29 11:51:15,925 - root - INFO - MainWindow 建立成功
2025-09-29 11:51:15,926 - root - INFO - 開始執行應用程式主循環...
2025-09-29 11:52:37,222 - root - INFO - 新增 OCR 記錄成功: 42
2025-09-29 13:22:52,822 - root - INFO - 程式開始執行...
2025-09-29 13:22:53,141 - root - INFO - QApplication 建立成功
2025-09-29 13:22:53,487 - root - INFO - 資料庫連線建立成功
2025-09-29 13:22:54,108 - root - INFO - MainWindow 建立成功
2025-09-29 13:22:54,108 - root - INFO - 開始執行應用程式主循環...
2025-09-29 13:23:32,672 - root - INFO - 資料庫連線已關閉
2025-09-30 19:04:47,858 - root - INFO - 程式開始執行...
2025-09-30 19:04:48,782 - root - INFO - QApplication 建立成功
2025-09-30 19:04:50,701 - root - INFO - 資料庫連線建立成功
2025-09-30 19:04:52,420 - root - INFO - MainWindow 建立成功
2025-09-30 19:04:52,420 - root - INFO - 開始執行應用程式主循環...
2025-09-30 19:09:26,012 - root - INFO - 程式開始執行...
2025-09-30 19:09:26,343 - root - INFO - QApplication 建立成功
2025-09-30 19:09:26,734 - root - INFO - 資料庫連線建立成功
2025-09-30 19:09:27,367 - root - INFO - MainWindow 建立成功
2025-09-30 19:09:27,367 - root - INFO - 開始執行應用程式主循環...
2025-09-30 19:10:01,243 - root - INFO - 新增 OCR 記錄成功: 43
2025-09-30 19:10:15,961 - root - INFO - 資料庫連線已關閉
2025-09-30 19:11:48,736 - root - INFO - 程式開始執行...
2025-09-30 19:11:49,050 - root - INFO - QApplication 建立成功
2025-09-30 19:11:49,374 - root - INFO - 資料庫連線建立成功
2025-09-30 19:11:50,023 - root - INFO - MainWindow 建立成功
2025-09-30 19:11:50,023 - root - INFO - 開始執行應用程式主循環...
2025-09-30 19:12:19,459 - root - INFO - 新增 OCR 記錄成功: 44
2025-09-30 19:12:50,774 - root - INFO - 資料庫連線已關閉
2025-09-30 19:46:28,346 - root - INFO - 程式開始執行...
2025-09-30 19:46:28,676 - root - INFO - QApplication 建立成功
2025-09-30 19:46:29,011 - root - INFO - 資料庫連線建立成功
2025-09-30 19:46:29,685 - root - INFO - MainWindow 建立成功
2025-09-30 19:46:29,686 - root - INFO - 開始執行應用程式主循環...
2025-09-30 19:49:04,417 - root - INFO - 程式開始執行...
2025-09-30 19:49:04,735 - root - INFO - QApplication 建立成功
2025-09-30 19:49:05,062 - root - INFO - 資料庫連線建立成功
2025-09-30 19:49:05,648 - root - INFO - MainWindow 建立成功
2025-09-30 19:49:05,648 - root - INFO - 開始執行應用程式主循環...
2025-09-30 19:50:41,400 - root - INFO - 程式開始執行...
2025-09-30 19:50:41,733 - root - INFO - QApplication 建立成功
2025-09-30 19:50:42,062 - root - INFO - 資料庫連線建立成功
2025-09-30 19:50:42,700 - root - INFO - MainWindow 建立成功
2025-09-30 19:50:42,701 - root - INFO - 開始執行應用程式主循環...
2025-09-30 19:51:45,661 - root - INFO - 資料庫連線已關閉
